<?xml version="1.0" encoding="UTF-8"?>
<testng-results ignored="0" total="1" passed="1" failed="0" skipped="0">
  <reporter-output>
  </reporter-output>
  <suite started-at="2023-12-11T13:25:29 GMT-08:00" name="Suite" finished-at="2023-12-11T13:26:07 GMT-08:00" duration-ms="38000">
    <groups>
      <group name="regression">
        <method signature="LoginTest.login(java.lang.String,java.lang.String)[pri:0, instance:test.LoginTest@4b8ee4de]" name="login" class="test.LoginTest"/>
      </group> <!-- regression -->
      <group name="sanity">
        <method signature="LoginTest.login(java.lang.String,java.lang.String)[pri:0, instance:test.LoginTest@4b8ee4de]" name="login" class="test.LoginTest"/>
      </group> <!-- sanity -->
    </groups>
    <test started-at="2023-12-11T13:25:29 GMT-08:00" name="Test" finished-at="2023-12-11T13:26:07 GMT-08:00" duration-ms="38000">
      <class name="test.LoginTest">
        <test-method is-config="true" signature="beforeMethod(java.lang.String)[pri:0, instance:test.LoginTest@4b8ee4de]" started-at="2023-12-11T13:25:31 GMT-08:00" name="beforeMethod" finished-at="2023-12-11T13:25:54 GMT-08:00" duration-ms="23030" status="PASS">
          <params>
            <param index="0">
              <value>
                <![CDATA[chrome]]>
              </value>
            </param>
          </params>
          <reporter-output>
          </reporter-output>
        </test-method> <!-- beforeMethod -->
        <test-method signature="login(java.lang.String,java.lang.String)[pri:0, instance:test.LoginTest@4b8ee4de]" started-at="2023-12-11T13:25:54 GMT-08:00" name="login" data-provider="logindataprovider" finished-at="2023-12-11T13:26:03 GMT-08:00" duration-ms="8913" status="PASS">
          <params>
            <param index="0">
              <value>
                <![CDATA[admin@admin.com]]>
              </value>
            </param>
            <param index="1">
              <value>
                <![CDATA[12345678]]>
              </value>
            </param>
          </params>
          <reporter-output>
          </reporter-output>
        </test-method> <!-- login -->
        <test-method is-config="true" signature="takeScreenShotOnFailure(org.testng.ITestResult)[pri:0, instance:test.LoginTest@4b8ee4de]" started-at="2023-12-11T13:26:03 GMT-08:00" name="takeScreenShotOnFailure" finished-at="2023-12-11T13:26:07 GMT-08:00" duration-ms="3382" status="PASS">
          <params>
            <param index="0">
              <value>
                <![CDATA[[TestResult name=login status=SUCCESS method=LoginTest.login(java.lang.String,java.lang.String)[pri:0, instance:test.LoginTest@4b8ee4de] output={null}]]]>
              </value>
            </param>
          </params>
          <reporter-output>
          </reporter-output>
        </test-method> <!-- takeScreenShotOnFailure -->
      </class> <!-- test.LoginTest -->
    </test> <!-- Test -->
  </suite> <!-- Suite -->
</testng-results>
