<?xml version="1.0" encoding="UTF-8"?>
<!-- Generated by org.testng.reporters.JUnitXMLReporter -->
<testsuite ignored="0" hostname="DESKTOP-6LDC70F" failures="0" tests="5" name="Test" time="139.863" errors="0" timestamp="2023-12-20T19:10:30 GMT-08:00">
  <testcase classname="test.LoginTest" name="login" time="4.602"/>
  <testcase classname="test.NoteTest" name="VerifyUserIsAbleToAddNote" time="12.73"/>
  <testcase classname="test.NoteTest" name="VerifyUserIsAbleTosearchNote" time="8.075"/>
  <testcase classname="test.NoteTest" name="VerifyUserIsAbleToEditNote" time="14.665"/>
  <testcase classname="test.NoteTest" name="VerifyUserIsAbleToDeletNote" time="13.861"/>
</testsuite> <!-- Test -->
