<?xml version="1.0" encoding="UTF-8"?>
<!-- Generated by org.testng.reporters.JUnitXMLReporter -->
<testsuite ignored="3" hostname="DESKTOP-6LDC70F" failures="0" tests="1" name="Default test" time="45.849" errors="0" timestamp="2023-12-01T21:06:17 GMT-08:00">
  <testcase classname="test.NoteTest" name="VerifyUserIsAbleToAddNote" time="11.763"/>
  <testcase classname="test.NoteTest" name="VerifyUserIsAbleToDeletNote" time="0.0">
    <ignored/>
  </testcase> <!-- VerifyUserIsAbleToDeletNote -->
  <testcase classname="test.NoteTest" name="VerifyUserIsAbleToEditNote" time="0.0">
    <ignored/>
  </testcase> <!-- VerifyUserIsAbleToEditNote -->
  <testcase classname="test.NoteTest" name="VerifyUserIsAbleTosearchNote" time="0.0">
    <ignored/>
  </testcase> <!-- VerifyUserIsAbleTosearchNote -->
</testsuite> <!-- Default test -->
