<?xml version="1.0" encoding="UTF-8"?>
<!-- Generated by org.testng.reporters.JUnitXMLReporter -->
<testsuite ignored="2" hostname="DESKTOP-6LDC70F" failures="0" tests="1" name="Default test" time="37.915" errors="0" timestamp="2023-12-20T10:04:26 GMT-08:00">
  <testcase classname="test.ProjectTest" name="verifyUserIsAbleToEditProject" time="17.469"/>
  <testcase classname="test.ProjectTest" name="verifyUserIsAbleToAddProject" time="0.0">
    <ignored/>
  </testcase> <!-- verifyUserIsAbleToAddProject -->
  <testcase classname="test.ProjectTest" name="verifyUserIsAbleToSearchProject" time="0.0">
    <ignored/>
  </testcase> <!-- verifyUserIsAbleToSearchProject -->
</testsuite> <!-- Default test -->
