<?xml version="1.0" encoding="UTF-8"?>
<!-- Generated by org.testng.reporters.JUnitXMLReporter -->
<testsuite ignored="0" hostname="DESKTOP-6LDC70F" failures="0" tests="5" name="Test" time="99.269" errors="0" timestamp="2023-12-20T19:26:20 GMT-08:00">
  <testcase classname="test.LoginTest" name="login" time="3.249"/>
  <testcase classname="test.NoteTest" name="VerifyUserIsAbleToAddNote" time="10.893"/>
  <testcase classname="test.NoteTest" name="VerifyUserIsAbleTosearchNote" time="6.43"/>
  <testcase classname="test.NoteTest" name="VerifyUserIsAbleToEditNote" time="11.718"/>
  <testcase classname="test.NoteTest" name="VerifyUserIsAbleToDeletNote" time="9.948"/>
</testsuite> <!-- Test -->
