<?xml version="1.0" encoding="UTF-8"?>
<testng-results ignored="0" total="5" passed="5" failed="0" skipped="0">
  <reporter-output>
  </reporter-output>
  <suite started-at="2023-12-20T19:08:09 GMT-08:00" name="Suite" finished-at="2023-12-20T19:10:29 GMT-08:00" duration-ms="139863">
    <groups>
      <group name="regression">
        <method signature="LoginTest.login(java.lang.String,java.lang.String)[pri:0, instance:test.LoginTest@5f8e8a9d]" name="login" class="test.LoginTest"/>
        <method signature="NoteTest.VerifyUserIsAbleToAddNote(java.lang.String,java.lang.String)[pri:1, instance:test.NoteTest@821330f]" name="VerifyUserIsAbleToAddNote" class="test.NoteTest"/>
        <method signature="NoteTest.VerifyUserIsAbleToDeletNote(java.lang.String,java.lang.String)[pri:4, instance:test.NoteTest@821330f]" name="VerifyUserIsAbleToDeletNote" class="test.NoteTest"/>
        <method signature="NoteTest.VerifyUserIsAbleToEditNote(java.lang.String,java.lang.String)[pri:3, instance:test.NoteTest@821330f]" name="VerifyUserIsAbleToEditNote" class="test.NoteTest"/>
        <method signature="NoteTest.VerifyUserIsAbleTosearchNote(java.lang.String,java.lang.String)[pri:2, instance:test.NoteTest@821330f]" name="VerifyUserIsAbleTosearchNote" class="test.NoteTest"/>
      </group> <!-- regression -->
      <group name="sanity">
        <method signature="LoginTest.login(java.lang.String,java.lang.String)[pri:0, instance:test.LoginTest@5f8e8a9d]" name="login" class="test.LoginTest"/>
        <method signature="NoteTest.VerifyUserIsAbleToAddNote(java.lang.String,java.lang.String)[pri:1, instance:test.NoteTest@821330f]" name="VerifyUserIsAbleToAddNote" class="test.NoteTest"/>
      </group> <!-- sanity -->
    </groups>
    <test started-at="2023-12-20T19:08:09 GMT-08:00" name="Test" finished-at="2023-12-20T19:10:29 GMT-08:00" duration-ms="139863">
      <class name="test.LoginTest">
        <test-method is-config="true" signature="beforeMethod(java.lang.String)[pri:0, instance:test.LoginTest@5f8e8a9d]" started-at="2023-12-20T19:08:12 GMT-08:00" name="beforeMethod" finished-at="2023-12-20T19:08:33 GMT-08:00" duration-ms="20891" status="PASS">
          <params>
            <param index="0">
              <value>
                <![CDATA[chrome]]>
              </value>
            </param>
          </params>
          <reporter-output>
          </reporter-output>
        </test-method> <!-- beforeMethod -->
        <test-method signature="login(java.lang.String,java.lang.String)[pri:0, instance:test.LoginTest@5f8e8a9d]" started-at="2023-12-20T19:08:33 GMT-08:00" name="login" data-provider="logindataprovider" finished-at="2023-12-20T19:08:38 GMT-08:00" duration-ms="4602" status="PASS">
          <params>
            <param index="0">
              <value>
                <![CDATA[admin@admin.com]]>
              </value>
            </param>
            <param index="1">
              <value>
                <![CDATA[12345678]]>
              </value>
            </param>
          </params>
          <reporter-output>
          </reporter-output>
        </test-method> <!-- login -->
        <test-method is-config="true" signature="takeScreenShotOnFailure(org.testng.ITestResult)[pri:0, instance:test.LoginTest@5f8e8a9d]" started-at="2023-12-20T19:08:38 GMT-08:00" name="takeScreenShotOnFailure" finished-at="2023-12-20T19:08:40 GMT-08:00" duration-ms="1858" status="PASS">
          <params>
            <param index="0">
              <value>
                <![CDATA[[TestResult name=login status=SUCCESS method=LoginTest.login(java.lang.String,java.lang.String)[pri:0, instance:test.LoginTest@5f8e8a9d] output={null}]]]>
              </value>
            </param>
          </params>
          <reporter-output>
          </reporter-output>
        </test-method> <!-- takeScreenShotOnFailure -->
      </class> <!-- test.LoginTest -->
      <class name="test.NoteTest">
        <test-method is-config="true" signature="beforeMethod(java.lang.String)[pri:0, instance:test.NoteTest@821330f]" started-at="2023-12-20T19:08:40 GMT-08:00" name="beforeMethod" finished-at="2023-12-20T19:08:50 GMT-08:00" duration-ms="9635" status="PASS">
          <params>
            <param index="0">
              <value>
                <![CDATA[chrome]]>
              </value>
            </param>
          </params>
          <reporter-output>
          </reporter-output>
        </test-method> <!-- beforeMethod -->
        <test-method signature="VerifyUserIsAbleToAddNote(java.lang.String,java.lang.String)[pri:1, instance:test.NoteTest@821330f]" started-at="2023-12-20T19:08:50 GMT-08:00" name="VerifyUserIsAbleToAddNote" data-provider="logindataprovider" finished-at="2023-12-20T19:09:03 GMT-08:00" duration-ms="12730" status="PASS">
          <params>
            <param index="0">
              <value>
                <![CDATA[admin@admin.com]]>
              </value>
            </param>
            <param index="1">
              <value>
                <![CDATA[12345678]]>
              </value>
            </param>
          </params>
          <reporter-output>
          </reporter-output>
        </test-method> <!-- VerifyUserIsAbleToAddNote -->
        <test-method is-config="true" signature="takeScreenShotOnFailure(org.testng.ITestResult)[pri:0, instance:test.NoteTest@821330f]" started-at="2023-12-20T19:09:03 GMT-08:00" name="takeScreenShotOnFailure" finished-at="2023-12-20T19:09:04 GMT-08:00" duration-ms="1488" status="PASS">
          <params>
            <param index="0">
              <value>
                <![CDATA[[TestResult name=VerifyUserIsAbleToAddNote status=SUCCESS method=NoteTest.VerifyUserIsAbleToAddNote(java.lang.String,java.lang.String)[pri:1, instance:test.NoteTest@821330f] output={null}]]]>
              </value>
            </param>
          </params>
          <reporter-output>
          </reporter-output>
        </test-method> <!-- takeScreenShotOnFailure -->
        <test-method is-config="true" signature="beforeMethod(java.lang.String)[pri:0, instance:test.NoteTest@821330f]" started-at="2023-12-20T19:09:04 GMT-08:00" name="beforeMethod" finished-at="2023-12-20T19:09:18 GMT-08:00" duration-ms="13285" status="PASS">
          <params>
            <param index="0">
              <value>
                <![CDATA[chrome]]>
              </value>
            </param>
          </params>
          <reporter-output>
          </reporter-output>
        </test-method> <!-- beforeMethod -->
        <test-method signature="VerifyUserIsAbleTosearchNote(java.lang.String,java.lang.String)[pri:2, instance:test.NoteTest@821330f]" started-at="2023-12-20T19:09:18 GMT-08:00" name="VerifyUserIsAbleTosearchNote" data-provider="logindataprovider" finished-at="2023-12-20T19:09:26 GMT-08:00" duration-ms="8075" status="PASS">
          <params>
            <param index="0">
              <value>
                <![CDATA[admin@admin.com]]>
              </value>
            </param>
            <param index="1">
              <value>
                <![CDATA[12345678]]>
              </value>
            </param>
          </params>
          <reporter-output>
          </reporter-output>
        </test-method> <!-- VerifyUserIsAbleTosearchNote -->
        <test-method is-config="true" signature="takeScreenShotOnFailure(org.testng.ITestResult)[pri:0, instance:test.NoteTest@821330f]" started-at="2023-12-20T19:09:26 GMT-08:00" name="takeScreenShotOnFailure" finished-at="2023-12-20T19:09:28 GMT-08:00" duration-ms="2139" status="PASS">
          <params>
            <param index="0">
              <value>
                <![CDATA[[TestResult name=VerifyUserIsAbleTosearchNote status=SUCCESS method=NoteTest.VerifyUserIsAbleTosearchNote(java.lang.String,java.lang.String)[pri:2, instance:test.NoteTest@821330f] output={null}]]]>
              </value>
            </param>
          </params>
          <reporter-output>
          </reporter-output>
        </test-method> <!-- takeScreenShotOnFailure -->
        <test-method is-config="true" signature="beforeMethod(java.lang.String)[pri:0, instance:test.NoteTest@821330f]" started-at="2023-12-20T19:09:28 GMT-08:00" name="beforeMethod" finished-at="2023-12-20T19:09:37 GMT-08:00" duration-ms="9072" status="PASS">
          <params>
            <param index="0">
              <value>
                <![CDATA[chrome]]>
              </value>
            </param>
          </params>
          <reporter-output>
          </reporter-output>
        </test-method> <!-- beforeMethod -->
        <test-method signature="VerifyUserIsAbleToEditNote(java.lang.String,java.lang.String)[pri:3, instance:test.NoteTest@821330f]" started-at="2023-12-20T19:09:37 GMT-08:00" name="VerifyUserIsAbleToEditNote" data-provider="logindataprovider" finished-at="2023-12-20T19:09:52 GMT-08:00" duration-ms="14665" status="PASS">
          <params>
            <param index="0">
              <value>
                <![CDATA[admin@admin.com]]>
              </value>
            </param>
            <param index="1">
              <value>
                <![CDATA[12345678]]>
              </value>
            </param>
          </params>
          <reporter-output>
          </reporter-output>
        </test-method> <!-- VerifyUserIsAbleToEditNote -->
        <test-method is-config="true" signature="takeScreenShotOnFailure(org.testng.ITestResult)[pri:0, instance:test.NoteTest@821330f]" started-at="2023-12-20T19:09:52 GMT-08:00" name="takeScreenShotOnFailure" finished-at="2023-12-20T19:09:54 GMT-08:00" duration-ms="2282" status="PASS">
          <params>
            <param index="0">
              <value>
                <![CDATA[[TestResult name=VerifyUserIsAbleToEditNote status=SUCCESS method=NoteTest.VerifyUserIsAbleToEditNote(java.lang.String,java.lang.String)[pri:3, instance:test.NoteTest@821330f] output={null}]]]>
              </value>
            </param>
          </params>
          <reporter-output>
          </reporter-output>
        </test-method> <!-- takeScreenShotOnFailure -->
        <test-method is-config="true" signature="beforeMethod(java.lang.String)[pri:0, instance:test.NoteTest@821330f]" started-at="2023-12-20T19:09:54 GMT-08:00" name="beforeMethod" finished-at="2023-12-20T19:10:04 GMT-08:00" duration-ms="9369" status="PASS">
          <params>
            <param index="0">
              <value>
                <![CDATA[chrome]]>
              </value>
            </param>
          </params>
          <reporter-output>
          </reporter-output>
        </test-method> <!-- beforeMethod -->
        <test-method signature="VerifyUserIsAbleToDeletNote(java.lang.String,java.lang.String)[pri:4, instance:test.NoteTest@821330f]" started-at="2023-12-20T19:10:04 GMT-08:00" name="VerifyUserIsAbleToDeletNote" data-provider="logindataprovider" finished-at="2023-12-20T19:10:17 GMT-08:00" duration-ms="13861" status="PASS">
          <params>
            <param index="0">
              <value>
                <![CDATA[admin@admin.com]]>
              </value>
            </param>
            <param index="1">
              <value>
                <![CDATA[12345678]]>
              </value>
            </param>
          </params>
          <reporter-output>
          </reporter-output>
        </test-method> <!-- VerifyUserIsAbleToDeletNote -->
        <test-method is-config="true" signature="takeScreenShotOnFailure(org.testng.ITestResult)[pri:0, instance:test.NoteTest@821330f]" started-at="2023-12-20T19:10:17 GMT-08:00" name="takeScreenShotOnFailure" finished-at="2023-12-20T19:10:29 GMT-08:00" duration-ms="11954" status="PASS">
          <params>
            <param index="0">
              <value>
                <![CDATA[[TestResult name=VerifyUserIsAbleToDeletNote status=SUCCESS method=NoteTest.VerifyUserIsAbleToDeletNote(java.lang.String,java.lang.String)[pri:4, instance:test.NoteTest@821330f] output={null}]]]>
              </value>
            </param>
          </params>
          <reporter-output>
          </reporter-output>
        </test-method> <!-- takeScreenShotOnFailure -->
      </class> <!-- test.NoteTest -->
    </test> <!-- Test -->
  </suite> <!-- Suite -->
</testng-results>
